2026-05-27 09:56:50 - WARNING - ======================================================================
2026-05-27 09:56:50 - WARNING - ⚠️  ВНИМАНИЕ: ЭЛЕКТРОННАЯ ПОДПИСЬ БУДЕТ УДАЛЕНА
2026-05-27 09:56:50 - WARNING -    Оптимизированные файлы НЕ ИМЕЮТ юридической силы
2026-05-27 09:56:50 - WARNING -    Сохраните оригиналы с ЭП в отдельном архиве
2026-05-27 09:56:50 - WARNING -    Требование Минздрава РФ: хранение 90+ дней
2026-05-27 09:56:50 - WARNING - ======================================================================
2026-05-27 09:56:50 - INFO - ✓ Temp-директория: /tmp/test_pdf/.pdf_temp (в рабочей папке)
2026-05-27 09:56:50 - INFO - ✓ Режим: FAST
2026-05-27 09:56:50 - INFO - ✓ Агрессия MuPDF: -dd
2026-05-27 09:56:50 - INFO - ✓ Ghostscript: ОТКЛЮЧЕН (нет артефактов)
2026-05-27 09:56:50 - INFO - ✓ Temp-директория: /tmp/test_pdf/.pdf_temp
2026-05-27 09:56:50 - INFO - ✓ Бэкапы: ВКЛЮЧЕНЫ
2026-05-27 09:56:50 - INFO -   → Движок: pikepdf только
2026-05-27 09:56:50 - INFO -   → Сжатие: 70-80%
2026-05-27 09:56:50 - INFO - Сканирование: /tmp/test_pdf
2026-05-27 09:56:50 - INFO - Минимальный размер: 0 МБ
2026-05-27 09:56:50 - INFO - Период: 2016-12
2026-05-27 09:56:50 - INFO - Найдено папок периода: 1
2026-05-27 09:56:50 - INFO - Найдено файлов: 2
2026-05-27 09:56:50 - INFO - ======================================================================
2026-05-27 09:56:50 - INFO - DRY RUN — файлы не будут изменены
2026-05-27 09:56:50 - INFO - Файлов: 2
2026-05-27 09:56:50 - INFO - Общий вес: 0.00 МБ
2026-05-27 09:56:50 - INFO - Первые 10 файлов:
2026-05-27 09:56:50 - INFO -   file2.pdf (0.00 МБ)
2026-05-27 09:56:50 - INFO -   file1.pdf (0.00 МБ)
2026-05-27 09:56:54 - WARNING - ======================================================================
2026-05-27 09:56:54 - WARNING - ⚠️  ВНИМАНИЕ: ЭЛЕКТРОННАЯ ПОДПИСЬ БУДЕТ УДАЛЕНА
2026-05-27 09:56:54 - WARNING -    Оптимизированные файлы НЕ ИМЕЮТ юридической силы
2026-05-27 09:56:54 - WARNING -    Сохраните оригиналы с ЭП в отдельном архиве
2026-05-27 09:56:54 - WARNING -    Требование Минздрава РФ: хранение 90+ дней
2026-05-27 09:56:54 - WARNING - ======================================================================
2026-05-27 09:56:54 - INFO - ✓ Temp-директория: /tmp/test_pdf/.pdf_temp (в рабочей папке)
2026-05-27 09:56:54 - INFO - ✓ Режим: FAST
2026-05-27 09:56:54 - INFO - ✓ Агрессия MuPDF: -dd
2026-05-27 09:56:54 - INFO - ✓ Ghostscript: ОТКЛЮЧЕН (нет артефактов)
2026-05-27 09:56:54 - INFO - ✓ Temp-директория: /tmp/test_pdf/.pdf_temp
2026-05-27 09:56:54 - INFO - ✓ Бэкапы: ВКЛЮЧЕНЫ
2026-05-27 09:56:54 - INFO -   → Движок: pikepdf только
2026-05-27 09:56:54 - INFO -   → Сжатие: 70-80%
2026-05-27 09:56:54 - INFO - Сканирование: /tmp/test_pdf
2026-05-27 09:56:54 - INFO - Минимальный размер: 0 МБ
2026-05-27 09:56:54 - INFO - Год: 2017
2026-05-27 09:56:54 - INFO - Найдено папок периода: 1
2026-05-27 09:56:54 - INFO - Найдено файлов: 1
2026-05-27 09:56:54 - INFO - ======================================================================
2026-05-27 09:56:54 - INFO - DRY RUN — файлы не будут изменены
2026-05-27 09:56:54 - INFO - Файлов: 1
2026-05-27 09:56:54 - INFO - Общий вес: 0.00 МБ
2026-05-27 09:56:54 - INFO - Первые 10 файлов:
2026-05-27 09:56:54 - INFO -   file3.pdf (0.00 МБ)
2026-05-27 09:56:57 - ERROR - ⚠️  Ошибка: --month требует указания --year
2026-05-27 09:57:01 - ERROR - ⚠️  Ошибка: --month требует указания --year
2026-05-27 09:57:03 - WARNING - ======================================================================
2026-05-27 09:57:03 - WARNING - ⚠️  ВНИМАНИЕ: ЭЛЕКТРОННАЯ ПОДПИСЬ БУДЕТ УДАЛЕНА
2026-05-27 09:57:03 - WARNING -    Оптимизированные файлы НЕ ИМЕЮТ юридической силы
2026-05-27 09:57:03 - WARNING -    Сохраните оригиналы с ЭП в отдельном архиве
2026-05-27 09:57:03 - WARNING -    Требование Минздрава РФ: хранение 90+ дней
2026-05-27 09:57:03 - WARNING - ======================================================================
2026-05-27 09:57:03 - INFO - ✓ Temp-директория: /tmp/test_pdf/.pdf_temp (в рабочей папке)
2026-05-27 09:57:03 - INFO - ✓ Режим: FAST
2026-05-27 09:57:03 - INFO - ✓ Агрессия MuPDF: -dd
2026-05-27 09:57:03 - INFO - ✓ Ghostscript: ОТКЛЮЧЕН (нет артефактов)
2026-05-27 09:57:03 - INFO - ✓ Temp-директория: /tmp/test_pdf/.pdf_temp
2026-05-27 09:57:03 - INFO - ✓ Бэкапы: ВКЛЮЧЕНЫ
2026-05-27 09:57:03 - INFO -   → Движок: pikepdf только
2026-05-27 09:57:03 - INFO -   → Сжатие: 70-80%
2026-05-27 09:57:03 - INFO - Сканирование: /tmp/test_pdf
2026-05-27 09:57:03 - INFO - Минимальный размер: 0 МБ
2026-05-27 09:57:03 - INFO - Найдено папок периода: 2
2026-05-27 09:57:03 - INFO - Найдено файлов: 3
2026-05-27 09:57:03 - INFO - ======================================================================
2026-05-27 09:57:03 - INFO - DRY RUN — файлы не будут изменены
2026-05-27 09:57:03 - INFO - Файлов: 3
2026-05-27 09:57:03 - INFO - Общий вес: 0.00 МБ
2026-05-27 09:57:03 - INFO - Первые 10 файлов:
2026-05-27 09:57:03 - INFO -   file3.pdf (0.00 МБ)
2026-05-27 09:57:03 - INFO -   file2.pdf (0.00 МБ)
2026-05-27 09:57:03 - INFO -   file1.pdf (0.00 МБ)
